   1              		.arch armv7-a
   2              		.eabi_attribute 28, 1
   3              		.eabi_attribute 20, 1
   4              		.eabi_attribute 21, 1
   5              		.eabi_attribute 23, 3
   6              		.eabi_attribute 24, 1
   7              		.eabi_attribute 25, 1
   8              		.eabi_attribute 26, 1
   9              		.eabi_attribute 30, 4
  10              		.eabi_attribute 34, 0
  11              		.eabi_attribute 18, 4
  12              		.file	"sections.c"
  13              		.text
  14              	.Ltext0:
  15              		.cfi_sections	.debug_frame
  16              		.global	BTBL_F2
  17              		.global	DTBL_F2
  18              		.global	BTBL_F
  19              		.global	DTBL_F
  20              		.section	.rodata.BTBL_F,"a"
  21              		.align	2
  24              	BTBL_F:
  25 0000 00000000 		.word	__bss_start
  26 0004 00000000 		.word	__bss_end
  27 0008 00000000 		.word	0
  28 000c 00000000 		.word	0
  29              		.section	.rodata.BTBL_F2,"a"
  30              		.align	2
  33              	BTBL_F2:
  34 0000 00000000 		.space	8
  34      00000000 
  35              		.section	.rodata.DTBL_F,"a"
  36              		.align	2
  39              	DTBL_F:
  40 0000 00000000 		.word	__module2_load_start
  41 0004 00000000 		.word	__module2_load_end
  42 0008 00000000 		.word	__module2_exec_start
  43 000c 00000000 		.word	0
  44 0010 00000000 		.word	0
  45 0014 00000000 		.word	0
  46              		.section	.rodata.DTBL_F2,"a"
  47              		.align	2
  50              	DTBL_F2:
  51 0000 00000000 		.word	__module4_load_start
  52 0004 00000000 		.word	__module4_load_end
  53 0008 00000000 		.word	__module4_exec_start
  54 000c 00000000 		.word	0
  55 0010 00000000 		.word	0
  56 0014 00000000 		.word	0
  57              		.text
  58              	.Letext0:
  59              		.file 1 "d:\\program files (x86)\\gnu arm embedded toolchain\\9 2020-q2-update\\lib\\gcc\\arm-none
  60              		.file 2 "d:\\program files (x86)\\gnu arm embedded toolchain\\9 2020-q2-update\\arm-none-eabi\\inc
  61              		.file 3 "d:\\program files (x86)\\gnu arm embedded toolchain\\9 2020-q2-update\\arm-none-eabi\\inc
  62              		.file 4 "d:\\program files (x86)\\gnu arm embedded toolchain\\9 2020-q2-update\\arm-none-eabi\\inc
  63              		.file 5 "d:\\program files (x86)\\gnu arm embedded toolchain\\9 2020-q2-update\\arm-none-eabi\\inc
  64              		.file 6 "../generate/compiler/init/sections.c"
DEFINED SYMBOLS
                            *ABS*:00000000 sections.c
C:\Users\Y\AppData\Local\Temp\ccj4Hmbi.s:33     .rodata.BTBL_F2:00000000 BTBL_F2
C:\Users\Y\AppData\Local\Temp\ccj4Hmbi.s:50     .rodata.DTBL_F2:00000000 DTBL_F2
C:\Users\Y\AppData\Local\Temp\ccj4Hmbi.s:24     .rodata.BTBL_F:00000000 BTBL_F
C:\Users\Y\AppData\Local\Temp\ccj4Hmbi.s:39     .rodata.DTBL_F:00000000 DTBL_F
C:\Users\Y\AppData\Local\Temp\ccj4Hmbi.s:21     .rodata.BTBL_F:00000000 $d
C:\Users\Y\AppData\Local\Temp\ccj4Hmbi.s:30     .rodata.BTBL_F2:00000000 $d
C:\Users\Y\AppData\Local\Temp\ccj4Hmbi.s:36     .rodata.DTBL_F:00000000 $d
C:\Users\Y\AppData\Local\Temp\ccj4Hmbi.s:47     .rodata.DTBL_F2:00000000 $d
                           .group:00000000 wm4.0.58582867dec117551e3c8e9255733210
                           .group:00000000 wm4.stddef.h.39.144cf5ddcd53cbfdac30259dc1a6c87f
                           .group:00000000 wm4._newlib_version.h.4.1ef4e12f167f8b69d7c30054be56050d
                           .group:00000000 wm4.features.h.33.318b64d71e0957639cfb30f1db1f7ec8
                           .group:00000000 wm4._default_types.h.15.247e5cd201eca3442cbf5404108c4935
                           .group:00000000 wm4._intsup.h.10.48bafbb683905c4daa4565a85aeeb264
                           .group:00000000 wm4._stdint.h.10.c24fa3af3bc1706662bb5593a907e841
                           .group:00000000 wm4.stdint.h.23.d53047a68f4a85177f80b422d52785ed
                           .group:00000000 wm4.newlib.h.8.7cb3972cd43265932d4782d5eb589854
                           .group:00000000 wm4.ieeefp.h.77.3f06799abf5dd88bdddee084775a1223
                           .group:00000000 wm4.config.h.224.c701144a7b0518c6ee9b9b5465b79f81
                           .group:00000000 wm4._ansi.h.31.de524f58584151836e90d8620a16f8e8
                           .group:00000000 wm4._types.h.20.dd0d04dca3800a0d2a6129b87f3adbb2
                           .group:00000000 wm4.stddef.h.155.3588ebfdd1e8c7ede80509bb9c3b8009
                           .group:00000000 wm4._types.h.127.34941de1b2539d59d5cac00e0dd27a45
                           .group:00000000 wm4.reent.h.17.e292bf8b0bec6c96e131a54347145a30
                           .group:00000000 wm4.lock.h.2.1461d1fff82dffe8bfddc23307f6484f
                           .group:00000000 wm4.reent.h.77.dcd6129ff07fe81bd5636db29abe53b2
                           .group:00000000 wm4.cdefs.h.49.6260d97adb8d27534cbdc0f868b8ea87
                           .group:00000000 wm4.math.h.13.97100c05caf9f40dd9f5a3cda48ccc01
                           .group:00000000 wm4.r_typedefs.h.38.e90d9de5300d9ae020e5db8c5af88b3e

UNDEFINED SYMBOLS
__bss_start
__bss_end
__module2_load_start
__module2_load_end
__module2_exec_start
__module4_load_start
__module4_load_end
__module4_exec_start
